2013/04/16 21:41:40 [trace] [system.db.CDbCommand] Querying SQL: SHOW FULL COLUMNS FROM `menu`
in /home/htdocs/new.cms/protected/models/Menu.php (22)
in /home/htdocs/new.cms/protected/widgets/BootstrapMenuWidget.php (46)
in /home/htdocs/new.cms/themes/mudrenok/views/layouts/main.php (51)
2013/04/16 21:41:40 [trace] [system.db.CDbCommand] Querying SQL: SHOW CREATE TABLE `menu`
in /home/htdocs/new.cms/protected/models/Menu.php (22)
in /home/htdocs/new.cms/protected/widgets/BootstrapMenuWidget.php (46)
in /home/htdocs/new.cms/themes/mudrenok/views/layouts/main.php (51)
2013/04/16 21:41:40 [trace] [system.db.CDbCommand] Querying SQL: SHOW FULL COLUMNS FROM `menu_item`
in /home/htdocs/new.cms/protected/models/MenuItem.php (30)
in /home/htdocs/new.cms/protected/widgets/BootstrapMenuWidget.php (47)
in /home/htdocs/new.cms/themes/mudrenok/views/layouts/main.php (51)
2013/04/16 21:41:40 [trace] [system.db.CDbCommand] Querying SQL: SHOW CREATE TABLE `menu_item`
in /home/htdocs/new.cms/protected/models/MenuItem.php (30)
in /home/htdocs/new.cms/protected/widgets/BootstrapMenuWidget.php (47)
in /home/htdocs/new.cms/themes/mudrenok/views/layouts/main.php (51)
2013/04/16 21:41:40 [trace] [system.db.CDbCommand] Querying SQL: SELECT * FROM `menu` `t` WHERE name = :name LIMIT 1
in /home/htdocs/new.cms/protected/widgets/BootstrapMenuWidget.php (49)
in /home/htdocs/new.cms/themes/mudrenok/views/layouts/main.php (51)
in /home/htdocs/new.cms/protected/views/layouts/column1.php (6)
2013/04/16 21:41:40 [trace] [system.db.CDbCommand] Querying SQL: SELECT * FROM `menu_item` `t` WHERE menu_id=:id ORDER BY `order`
in /home/htdocs/new.cms/protected/widgets/BootstrapMenuWidget.php (58)
in /home/htdocs/new.cms/themes/mudrenok/views/layouts/main.php (51)
in /home/htdocs/new.cms/protected/views/layouts/column1.php (6)
2013/04/16 21:41:47 [trace] [system.db.CDbCommand] Querying SQL: SHOW FULL COLUMNS FROM `node`
in /home/htdocs/new.cms/protected/controllers/NewsController.php (137)
in /home/htdocs/new.cms/index.php (13)
2013/04/16 21:41:47 [trace] [system.db.CDbCommand] Querying SQL: SHOW CREATE TABLE `node`
in /home/htdocs/new.cms/protected/controllers/NewsController.php (137)
in /home/htdocs/new.cms/index.php (13)
2013/04/16 21:41:47 [trace] [system.db.CDbCommand] Querying SQL: SELECT COUNT(*) FROM `node` `t` WHERE (type LIKE :ycp0) AND (status LIKE :ycp1)
in /home/htdocs/new.cms/protected/views/news/index.php (20)
in /home/htdocs/new.cms/protected/controllers/NewsController.php (140)
in /home/htdocs/new.cms/index.php (13)
2013/04/16 21:41:47 [trace] [system.db.CDbCommand] Querying SQL: SELECT * FROM `node` `t` WHERE (type LIKE :ycp0) AND (status LIKE :ycp1) LIMIT 10
in /home/htdocs/new.cms/protected/views/news/index.php (20)
in /home/htdocs/new.cms/protected/controllers/NewsController.php (140)
in /home/htdocs/new.cms/index.php (13)
2013/04/16 21:41:48 [trace] [system.db.CDbCommand] Querying SQL: SHOW FULL COLUMNS FROM `user`
in /home/htdocs/new.cms/protected/modules/user/models/YumUser.php (58)
in /home/htdocs/new.cms/protected/modules/user/models/YumUser.php (776)
in /home/htdocs/new.cms/themes/mudrenok/views/news/_view.php (5)
2013/04/16 21:41:48 [trace] [system.db.CDbCommand] Querying SQL: SHOW CREATE TABLE `user`
in /home/htdocs/new.cms/protected/modules/user/models/YumUser.php (58)
in /home/htdocs/new.cms/protected/modules/user/models/YumUser.php (776)
in /home/htdocs/new.cms/themes/mudrenok/views/news/_view.php (5)
2013/04/16 21:41:48 [trace] [system.db.CDbCommand] Querying SQL: SELECT * FROM `user` `t` WHERE id = :id LIMIT 1
in /home/htdocs/new.cms/protected/modules/user/models/YumUser.php (776)
in /home/htdocs/new.cms/themes/mudrenok/views/news/_view.php (5)
in /home/htdocs/new.cms/protected/views/news/index.php (20)
2013/04/16 21:41:48 [trace] [system.db.CDbCommand] Querying SQL: SELECT * FROM `user` `t` WHERE id = :id LIMIT 1
in /home/htdocs/new.cms/protected/modules/user/models/YumUser.php (776)
in /home/htdocs/new.cms/themes/mudrenok/views/news/_view.php (5)
in /home/htdocs/new.cms/protected/views/news/index.php (20)
2013/04/16 21:41:48 [trace] [system.db.CDbCommand] Querying SQL: SELECT * FROM `user` `t` WHERE id = :id LIMIT 1
in /home/htdocs/new.cms/protected/modules/user/models/YumUser.php (776)
in /home/htdocs/new.cms/themes/mudrenok/views/news/_view.php (5)
in /home/htdocs/new.cms/protected/views/news/index.php (20)
2013/04/16 21:41:48 [trace] [system.db.CDbCommand] Querying SQL: SELECT * FROM `user` `t` WHERE id = :id LIMIT 1
in /home/htdocs/new.cms/protected/modules/user/models/YumUser.php (776)
in /home/htdocs/new.cms/themes/mudrenok/views/news/_view.php (5)
in /home/htdocs/new.cms/protected/views/news/index.php (20)
2013/04/16 21:41:48 [trace] [system.db.CDbCommand] Querying SQL: SELECT * FROM `user` `t` WHERE id = :id LIMIT 1
in /home/htdocs/new.cms/protected/modules/user/models/YumUser.php (776)
in /home/htdocs/new.cms/themes/mudrenok/views/news/_view.php (5)
in /home/htdocs/new.cms/protected/views/news/index.php (20)
2013/04/16 21:41:48 [trace] [system.db.CDbCommand] Querying SQL: SELECT * FROM `user` `t` WHERE id = :id LIMIT 1
in /home/htdocs/new.cms/protected/modules/user/models/YumUser.php (776)
in /home/htdocs/new.cms/themes/mudrenok/views/news/_view.php (5)
in /home/htdocs/new.cms/protected/views/news/index.php (20)
2013/04/16 21:41:48 [trace] [system.db.CDbCommand] Querying SQL: SELECT * FROM `user` `t` WHERE id = :id LIMIT 1
in /home/htdocs/new.cms/protected/modules/user/models/YumUser.php (776)
in /home/htdocs/new.cms/themes/mudrenok/views/news/_view.php (5)
in /home/htdocs/new.cms/protected/views/news/index.php (20)
2013/04/16 21:41:48 [trace] [system.db.CDbCommand] Querying SQL: SELECT * FROM `user` `t` WHERE id = :id LIMIT 1
in /home/htdocs/new.cms/protected/modules/user/models/YumUser.php (776)
in /home/htdocs/new.cms/themes/mudrenok/views/news/_view.php (5)
in /home/htdocs/new.cms/protected/views/news/index.php (20)
2013/04/16 21:41:48 [trace] [system.db.CDbCommand] Querying SQL: SELECT * FROM `user` `t` WHERE id = :id LIMIT 1
in /home/htdocs/new.cms/protected/modules/user/models/YumUser.php (776)
in /home/htdocs/new.cms/themes/mudrenok/views/news/_view.php (5)
in /home/htdocs/new.cms/protected/views/news/index.php (20)
2013/04/16 21:41:48 [trace] [system.db.CDbCommand] Querying SQL: SELECT * FROM `user` `t` WHERE id = :id LIMIT 1
in /home/htdocs/new.cms/protected/modules/user/models/YumUser.php (776)
in /home/htdocs/new.cms/themes/mudrenok/views/news/_view.php (5)
in /home/htdocs/new.cms/protected/views/news/index.php (20)
2013/04/16 21:41:48 [trace] [system.db.CDbCommand] Querying SQL: SHOW FULL COLUMNS FROM `menu`
in /home/htdocs/new.cms/protected/models/Menu.php (22)
in /home/htdocs/new.cms/protected/widgets/BootstrapMenuWidget.php (46)
in /home/htdocs/new.cms/themes/mudrenok/views/layouts/main.php (51)
2013/04/16 21:41:48 [trace] [system.db.CDbCommand] Querying SQL: SHOW CREATE TABLE `menu`
in /home/htdocs/new.cms/protected/models/Menu.php (22)
in /home/htdocs/new.cms/protected/widgets/BootstrapMenuWidget.php (46)
in /home/htdocs/new.cms/themes/mudrenok/views/layouts/main.php (51)
2013/04/16 21:41:48 [trace] [system.db.CDbCommand] Querying SQL: SHOW FULL COLUMNS FROM `menu_item`
in /home/htdocs/new.cms/protected/models/MenuItem.php (30)
in /home/htdocs/new.cms/protected/widgets/BootstrapMenuWidget.php (47)
in /home/htdocs/new.cms/themes/mudrenok/views/layouts/main.php (51)
2013/04/16 21:41:48 [trace] [system.db.CDbCommand] Querying SQL: SHOW CREATE TABLE `menu_item`
in /home/htdocs/new.cms/protected/models/MenuItem.php (30)
in /home/htdocs/new.cms/protected/widgets/BootstrapMenuWidget.php (47)
in /home/htdocs/new.cms/themes/mudrenok/views/layouts/main.php (51)
2013/04/16 21:41:48 [trace] [system.db.CDbCommand] Querying SQL: SELECT * FROM `menu` `t` WHERE name = :name LIMIT 1
in /home/htdocs/new.cms/protected/widgets/BootstrapMenuWidget.php (49)
in /home/htdocs/new.cms/themes/mudrenok/views/layouts/main.php (51)
in /home/htdocs/new.cms/protected/views/layouts/column1.php (6)
2013/04/16 21:41:48 [trace] [system.db.CDbCommand] Querying SQL: SELECT * FROM `menu_item` `t` WHERE menu_id=:id ORDER BY `order`
in /home/htdocs/new.cms/protected/widgets/BootstrapMenuWidget.php (58)
in /home/htdocs/new.cms/themes/mudrenok/views/layouts/main.php (51)
in /home/htdocs/new.cms/protected/views/layouts/column1.php (6)
2013/04/16 21:41:48 [trace] [system.db.CDbCommand] Querying SQL: SHOW FULL COLUMNS FROM `role`
in /home/htdocs/new.cms/protected/modules/user/components/YumWebUser.php (120)
in /home/htdocs/new.cms/protected/widgets/BootstrapMenuWidget.php (80)
in /home/htdocs/new.cms/themes/mudrenok/views/layouts/main.php (51)
2013/04/16 21:41:48 [trace] [system.db.CDbCommand] Querying SQL: SHOW CREATE TABLE `role`
in /home/htdocs/new.cms/protected/modules/user/components/YumWebUser.php (120)
in /home/htdocs/new.cms/protected/widgets/BootstrapMenuWidget.php (80)
in /home/htdocs/new.cms/themes/mudrenok/views/layouts/main.php (51)
2013/04/16 21:41:48 [trace] [system.db.CDbCommand] Querying SQL: SHOW FULL COLUMNS FROM `user_role`
in /home/htdocs/new.cms/protected/modules/user/components/YumWebUser.php (120)
in /home/htdocs/new.cms/protected/widgets/BootstrapMenuWidget.php (80)
in /home/htdocs/new.cms/themes/mudrenok/views/layouts/main.php (51)
2013/04/16 21:41:48 [trace] [system.db.CDbCommand] Querying SQL: SHOW CREATE TABLE `user_role`
in /home/htdocs/new.cms/protected/modules/user/components/YumWebUser.php (120)
in /home/htdocs/new.cms/protected/widgets/BootstrapMenuWidget.php (80)
in /home/htdocs/new.cms/themes/mudrenok/views/layouts/main.php (51)
2013/04/16 21:41:48 [trace] [system.db.CDbCommand] Querying SQL: SELECT `t`.`id` AS `t0_c0`, `t`.`username` AS `t0_c1`, `t`.`password` AS `t0_c2`, `t`.`activationKey` AS `t0_c3`, `t`.`createtime` AS `t0_c4`, `t`.`lastvisit` AS `t0_c5`, `t`.`lastaction` AS `t0_c6`, `t`.`lastpasswordchange` AS `t0_c7`, `t`.`superuser` AS `t0_c8`, `t`.`status` AS `t0_c9`, `t`.`avatar` AS `t0_c10`, `t`.`notifyType` AS `t0_c11`, `roles`.`id` AS `t1_c0`, `roles`.`title` AS `t1_c1`, `roles`.`description` AS `t1_c2`, `roles`.`is_membership_possible` AS `t1_c3`, `roles`.`price` AS `t1_c4`, `roles`.`duration` AS `t1_c5` FROM `user` `t`  LEFT OUTER JOIN `user_role` `roles_roles` ON (`t`.`id`=`roles_roles`.`user_id`) LEFT OUTER JOIN `role` `roles` ON (`roles`.`id`=`roles_roles`.`role_id`)  WHERE (t.id = 1)
in /home/htdocs/new.cms/protected/modules/user/components/YumWebUser.php (120)
in /home/htdocs/new.cms/protected/widgets/BootstrapMenuWidget.php (80)
in /home/htdocs/new.cms/themes/mudrenok/views/layouts/main.php (51)
2013/04/16 21:41:48 [trace] [system.db.CDbCommand] Querying SQL: SELECT * FROM `user` `t` WHERE `t`.`id`='1' LIMIT 1
in /home/htdocs/new.cms/protected/modules/user/components/YumWebUser.php (12)
in /home/htdocs/new.cms/protected/modules/user/components/YumWebUser.php (153)
in /home/htdocs/new.cms/protected/widgets/BootstrapMenuWidget.php (80)
2013/04/16 21:41:48 [trace] [system.db.CDbCommand] Querying SQL: SELECT `t`.`id` AS `t0_c0`, `t`.`username` AS `t0_c1`, `t`.`password` AS `t0_c2`, `t`.`activationKey` AS `t0_c3`, `t`.`createtime` AS `t0_c4`, `t`.`lastvisit` AS `t0_c5`, `t`.`lastaction` AS `t0_c6`, `t`.`lastpasswordchange` AS `t0_c7`, `t`.`superuser` AS `t0_c8`, `t`.`status` AS `t0_c9`, `t`.`avatar` AS `t0_c10`, `t`.`notifyType` AS `t0_c11`, `roles`.`id` AS `t1_c0`, `roles`.`title` AS `t1_c1`, `roles`.`description` AS `t1_c2`, `roles`.`is_membership_possible` AS `t1_c3`, `roles`.`price` AS `t1_c4`, `roles`.`duration` AS `t1_c5` FROM `user` `t`  LEFT OUTER JOIN `user_role` `roles_roles` ON (`t`.`id`=`roles_roles`.`user_id`) LEFT OUTER JOIN `role` `roles` ON (`roles`.`id`=`roles_roles`.`role_id`)  WHERE (t.id = 1)
in /home/htdocs/new.cms/protected/modules/user/components/YumWebUser.php (120)
in /home/htdocs/new.cms/protected/widgets/BootstrapMenuWidget.php (81)
in /home/htdocs/new.cms/themes/mudrenok/views/layouts/main.php (51)
2013/04/16 21:41:48 [trace] [system.db.CDbCommand] Querying SQL: SHOW FULL COLUMNS FROM `menu`
in /home/htdocs/new.cms/protected/models/Menu.php (22)
in /home/htdocs/new.cms/protected/widgets/BootstrapMenuWidget.php (46)
in /home/htdocs/new.cms/themes/mudrenok/views/layouts/main.php (51)
2013/04/16 21:41:48 [trace] [system.db.CDbCommand] Querying SQL: SHOW CREATE TABLE `menu`
in /home/htdocs/new.cms/protected/models/Menu.php (22)
in /home/htdocs/new.cms/protected/widgets/BootstrapMenuWidget.php (46)
in /home/htdocs/new.cms/themes/mudrenok/views/layouts/main.php (51)
2013/04/16 21:41:48 [trace] [system.db.CDbCommand] Querying SQL: SHOW FULL COLUMNS FROM `menu_item`
in /home/htdocs/new.cms/protected/models/MenuItem.php (30)
in /home/htdocs/new.cms/protected/widgets/BootstrapMenuWidget.php (47)
in /home/htdocs/new.cms/themes/mudrenok/views/layouts/main.php (51)
2013/04/16 21:41:48 [trace] [system.db.CDbCommand] Querying SQL: SHOW CREATE TABLE `menu_item`
in /home/htdocs/new.cms/protected/models/MenuItem.php (30)
in /home/htdocs/new.cms/protected/widgets/BootstrapMenuWidget.php (47)
in /home/htdocs/new.cms/themes/mudrenok/views/layouts/main.php (51)
2013/04/16 21:41:48 [trace] [system.db.CDbCommand] Querying SQL: SELECT * FROM `menu` `t` WHERE name = :name LIMIT 1
in /home/htdocs/new.cms/protected/widgets/BootstrapMenuWidget.php (49)
in /home/htdocs/new.cms/themes/mudrenok/views/layouts/main.php (51)
in /home/htdocs/new.cms/protected/views/layouts/column1.php (6)
2013/04/16 21:41:48 [trace] [system.db.CDbCommand] Querying SQL: SELECT * FROM `menu_item` `t` WHERE menu_id=:id ORDER BY `order`
in /home/htdocs/new.cms/protected/widgets/BootstrapMenuWidget.php (58)
in /home/htdocs/new.cms/themes/mudrenok/views/layouts/main.php (51)
in /home/htdocs/new.cms/protected/views/layouts/column1.php (6)
